Using pre-set license
Built from '2020.3/staging' branch; Version is '2020.3.22f1 (e1a7f79fd887) revision 14788599'; Using compiler version '192528614'; Build Type 'Release'
OS: 'Windows 10 Pro; OS build 19042.1466; Version 2009; 64bit' Language: 'de' Physical Memory: 16103 MB
BatchMode: 1, IsHumanControllingUs: 0, StartBugReporterOnCrash: 0, Is64bit: 1, IsPro: 0

COMMAND LINE ARGUMENTS:
C:\Program Files\Unity Editors\2020.3.22f1\Editor\Unity.exe
-adb2
-batchMode
-noUpm
-name
AssetImportWorker11
-projectPath
C:/Users/fkock/Documents/Master/Semester 2/Human Robot Interaction/Human-Robot-Interaction/My project
-logFile
Logs/AssetImportWorker11.log
-srvPort
65075
Successfully changed project path to: C:/Users/fkock/Documents/Master/Semester 2/Human Robot Interaction/Human-Robot-Interaction/My project
C:/Users/fkock/Documents/Master/Semester 2/Human Robot Interaction/Human-Robot-Interaction/My project
Using Asset Import Pipeline V2.
Refreshing native plugins compatible for Editor in 500.74 ms, found 2 plugins.
Preloading 0 native plugins for Editor in 0.00 ms.
Initialize engine version: 2020.3.22f1 (e1a7f79fd887)
[Subsystems] Discovering subsystems at path C:/Program Files/Unity Editors/2020.3.22f1/Editor/Data/Resources/UnitySubsystems
[Subsystems] Discovering subsystems at path C:/Users/fkock/Documents/Master/Semester 2/Human Robot Interaction/Human-Robot-Interaction/My project/Assets
GfxDevice: creating device client; threaded=0
Direct3D:
    Version:  Direct3D 11.0 [level 11.1]
    Renderer: NVIDIA T500 (ID=0x1fbb)
    Vendor:   
    VRAM:     3968 MB
    Driver:   30.0.14.7242
Initialize mono
Mono path[0] = 'C:/Program Files/Unity Editors/2020.3.22f1/Editor/Data/Managed'
Mono path[1] = 'C:/Program Files/Unity Editors/2020.3.22f1/Editor/Data/MonoBleedingEdge/lib/mono/unityjit'
Mono config path = 'C:/Program Files/Unity Editors/2020.3.22f1/Editor/Data/MonoBleedingEdge/etc'
Using monoOptions --debugger-agent=transport=dt_socket,embedding=1,server=y,suspend=n,address=127.0.0.1:56968
Begin MonoManager ReloadAssembly
Registering precompiled unity dll's ...
Register platform support module: C:/Program Files/Unity Editors/2020.3.22f1/Editor/Data/PlaybackEngines/WindowsStandaloneSupport/UnityEditor.WindowsStandalone.Extensions.dll
Registered in 0.021343 seconds.
Native extension for WindowsStandalone target not found
Refreshing native plugins compatible for Editor in 641.57 ms, found 2 plugins.
Preloading 0 native plugins for Editor in 0.00 ms.
Mono: successfully reloaded assembly
- Completed reload, in 11.198 seconds
Domain Reload Profiling:
	ReloadAssembly (11201ms)
		BeginReloadAssembly (965ms)
			ExecutionOrderSort (0ms)
			DisableScriptedObjects (0ms)
			BackupInstance (0ms)
			ReleaseScriptingObjects (0ms)
			CreateAndSetChildDomain (7ms)
		EndReloadAssembly (4724ms)
			LoadAssemblies (940ms)
			RebuildTransferFunctionScriptingTraits (1ms)
			SetupTypeCache (1475ms)
			ReleaseScriptCaches (0ms)
			RebuildScriptCaches (457ms)
			SetupLoadedEditorAssemblies (1973ms)
				LogAssemblyErrors (0ms)
				InitializePlatformSupportModulesInManaged (31ms)
				SetLoadedEditorAssemblies (1ms)
				RefreshPlugins (642ms)
				BeforeProcessingInitializeOnLoad (159ms)
				ProcessInitializeOnLoadAttributes (788ms)
				ProcessInitializeOnLoadMethodAttributes (347ms)
				AfterProcessingInitializeOnLoad (0ms)
				EditorAssembliesLoaded (3ms)
			ExecutionOrderSort2 (0ms)
			AwakeInstancesAfterBackupRestoration (0ms)
Platform modules already initialized, skipping
Registering precompiled user dll's ...
Registered in 0.066930 seconds.
Begin MonoManager ReloadAssembly
