Using pre-set license
Built from '2020.3/staging' branch; Version is '2020.3.22f1 (e1a7f79fd887) revision 14788599'; Using compiler version '192528614'; Build Type 'Release'
OS: 'Windows 10 Pro; OS build 19042.1348; Version 2009; 64bit' Language: 'de' Physical Memory: 16103 MB
BatchMode: 1, IsHumanControllingUs: 0, StartBugReporterOnCrash: 0, Is64bit: 1, IsPro: 0

COMMAND LINE ARGUMENTS:
C:\Program Files\Unity Editors\2020.3.22f1\Editor\Unity.exe
-adb2
-batchMode
-noUpm
-name
AssetImportWorker0
-projectPath
C:/Users/fkock/Documents/Master/Semester 2/Human Robot Interaction/Human-Robot-Interaction/My project
-logFile
Logs/AssetImportWorker0.log
-srvPort
52784
Successfully changed project path to: C:/Users/fkock/Documents/Master/Semester 2/Human Robot Interaction/Human-Robot-Interaction/My project
C:/Users/fkock/Documents/Master/Semester 2/Human Robot Interaction/Human-Robot-Interaction/My project
Using Asset Import Pipeline V2.
Refreshing native plugins compatible for Editor in 76.15 ms, found 2 plugins.
Preloading 0 native plugins for Editor in 0.00 ms.
Initialize engine version: 2020.3.22f1 (e1a7f79fd887)
[Subsystems] Discovering subsystems at path C:/Program Files/Unity Editors/2020.3.22f1/Editor/Data/Resources/UnitySubsystems
[Subsystems] Discovering subsystems at path C:/Users/fkock/Documents/Master/Semester 2/Human Robot Interaction/Human-Robot-Interaction/My project/Assets
GfxDevice: creating device client; threaded=0
Direct3D:
    Version:  Direct3D 11.0 [level 11.1]
    Renderer: NVIDIA T500 (ID=0x1fbb)
    Vendor:   
    VRAM:     3968 MB
Initialize mono
Mono path[0] = 'C:/Program Files/Unity Editors/2020.3.22f1/Editor/Data/Managed'
Mono path[1] = 'C:/Program Files/Unity Editors/2020.3.22f1/Editor/Data/MonoBleedingEdge/lib/mono/unityjit'
Mono config path = 'C:/Program Files/Unity Editors/2020.3.22f1/Editor/Data/MonoBleedingEdge/etc'
Using monoOptions --debugger-agent=transport=dt_socket,embedding=1,server=y,suspend=n,address=127.0.0.1:56340
Begin MonoManager ReloadAssembly
Registering precompiled unity dll's ...
Register platform support module: C:/Program Files/Unity Editors/2020.3.22f1/Editor/Data/PlaybackEngines/WindowsStandaloneSupport/UnityEditor.WindowsStandalone.Extensions.dll
Registered in 0.006853 seconds.
Native extension for WindowsStandalone target not found
Refreshing native plugins compatible for Editor in 101.66 ms, found 2 plugins.
Preloading 0 native plugins for Editor in 0.00 ms.
Mono: successfully reloaded assembly
- Completed reload, in  2.646 seconds
Domain Reload Profiling:
	ReloadAssembly (2646ms)
		BeginReloadAssembly (109ms)
			ExecutionOrderSort (0ms)
			DisableScriptedObjects (0ms)
			BackupInstance (0ms)
			ReleaseScriptingObjects (0ms)
			CreateAndSetChildDomain (2ms)
		EndReloadAssembly (1185ms)
			LoadAssemblies (106ms)
			RebuildTransferFunctionScriptingTraits (0ms)
			SetupTypeCache (419ms)
			ReleaseScriptCaches (0ms)
			RebuildScriptCaches (77ms)
			SetupLoadedEditorAssemblies (411ms)
				LogAssemblyErrors (0ms)
				InitializePlatformSupportModulesInManaged (8ms)
				SetLoadedEditorAssemblies (0ms)
				RefreshPlugins (102ms)
				BeforeProcessingInitializeOnLoad (34ms)
				ProcessInitializeOnLoadAttributes (204ms)
				ProcessInitializeOnLoadMethodAttributes (63ms)
				AfterProcessingInitializeOnLoad (0ms)
				EditorAssembliesLoaded (0ms)
			ExecutionOrderSort2 (0ms)
			AwakeInstancesAfterBackupRestoration (0ms)
Platform modules already initialized, skipping
Registering precompiled user dll's ...
Registered in 0.008526 seconds.
Begin MonoManager ReloadAssembly
Native extension for WindowsStandalone target not found
Refreshing native plugins compatible for Editor in 0.64 ms, found 2 plugins.
Preloading 0 native plugins for Editor in 0.00 ms.
Mono: successfully reloaded assembly
- Completed reload, in  3.881 seconds
Domain Reload Profiling:
	ReloadAssembly (3883ms)
		BeginReloadAssembly (424ms)
			ExecutionOrderSort (0ms)
			DisableScriptedObjects (14ms)
			BackupInstance (0ms)
			ReleaseScriptingObjects (0ms)
			CreateAndSetChildDomain (41ms)
		EndReloadAssembly (3290ms)
			LoadAssemblies (218ms)
			RebuildTransferFunctionScriptingTraits (0ms)
			SetupTypeCache (710ms)
			ReleaseScriptCaches (1ms)
			RebuildScriptCaches (101ms)
			SetupLoadedEditorAssemblies (2023ms)
				LogAssemblyErrors (0ms)
				InitializePlatformSupportModulesInManaged (14ms)
				SetLoadedEditorAssemblies (1ms)
				RefreshPlugins (1ms)
				BeforeProcessingInitializeOnLoad (223ms)
				ProcessInitializeOnLoadAttributes (1752ms)
				ProcessInitializeOnLoadMethodAttributes (22ms)
				AfterProcessingInitializeOnLoad (10ms)
				EditorAssembliesLoaded (1ms)
			ExecutionOrderSort2 (0ms)
			AwakeInstancesAfterBackupRestoration (16ms)
Platform modules already initialized, skipping
========================================================================
Worker process is ready to serve import requests
Launched and connected shader compiler UnityShaderCompiler.exe after 0.09 seconds
Refreshing native plugins compatible for Editor in 0.52 ms, found 2 plugins.
Preloading 0 native plugins for Editor in 0.00 ms.
Unloading 1870 Unused Serialized files (Serialized files now loaded: 0)
System memory in use before: 87.8 MB.
System memory in use after: 87.9 MB.

Unloading 20 unused Assets to reduce memory usage. Loaded Objects now: 2303.
Total: 4.246600 ms (FindLiveObjects: 0.288400 ms CreateObjectMapping: 0.102700 ms MarkObjects: 3.716400 ms  DeleteObjects: 0.137700 ms)

AssetImportParameters requested are different than current active one (requested -> active):
  custom:framework-win-MediaFoundation: 216162199b28c13a410421893ffa2e32 -> 
  custom:video-decoder-ogg-theora: a1e56fd34408186e4bbccfd4996cb3dc -> 
  custom:container-muxer-webm: aa71ff27fc2769a1b78a27578f13a17b -> 
  custom:container-demuxer-webm: 4f35f7cbe854078d1ac9338744f61a02 -> 
  custom:container-demuxer-ogg: 62fdf1f143b41e24485cea50d1cbac27 -> 
  custom:video-encoder-webm-vp8: eb34c28f22e8b96e1ab97ce403110664 -> 
  custom:video-codec-MediaFoundation-h265: 746d11721c4dcdbdad8f713fa42b33f4 -> 
  custom:video-decoder-webm-vp8: 9c59270c3fd7afecdb556c50c9e8de78 -> 
  custom:audio-decoder-ogg-vorbis: bf7c407c2cedff20999df2af8eb42d56 -> 
  custom:audio-encoder-webm-vorbis: bf7c407c2cedff20999df2af8eb42d56 -> 
========================================================================
Received Import Request.
  path: Assets/Robot Kyle/Model/Robot Kyle.fbx
  artifactKey: Guid(320b1c2af77554f99a1658df4a6d3d5c) Importer(815301076,1909f56bfc062723c751e8b465ee728b)
Start importing Assets/Robot Kyle/Model/Robot Kyle.fbx using Guid(320b1c2af77554f99a1658df4a6d3d5c) Importer(815301076,1909f56bfc062723c751e8b465ee728b)  -> (artifact id: 'c4b334a76ace6e356d693de07ba114cd') in 0.377352 seconds 
  Import took 0.383667 seconds .

========================================================================
Received Import Request.
  Time since last request: 5.952030 seconds.
  path: Assets/Robot Kyle/Model/Robot Kyle.fbx
  artifactKey: Guid(320b1c2af77554f99a1658df4a6d3d5c) Importer(815301076,1909f56bfc062723c751e8b465ee728b)
Start importing Assets/Robot Kyle/Model/Robot Kyle.fbx using Guid(320b1c2af77554f99a1658df4a6d3d5c) Importer(815301076,1909f56bfc062723c751e8b465ee728b)  -> (artifact id: '7add7ea11bff59f3e3678d9899425837') in 0.097818 seconds 
  Import took 0.104539 seconds .

========================================================================
Received Import Request.
  Time since last request: 174.070681 seconds.
  path: Assets/Robot Kyle/Model/Robot Kyle.fbx
  artifactKey: Guid(320b1c2af77554f99a1658df4a6d3d5c) Importer(815301076,1909f56bfc062723c751e8b465ee728b)
Start importing Assets/Robot Kyle/Model/Robot Kyle.fbx using Guid(320b1c2af77554f99a1658df4a6d3d5c) Importer(815301076,1909f56bfc062723c751e8b465ee728b)  -> (artifact id: 'b26a804f41a0bd9b31247c4483cea161') in 0.242695 seconds 
  Import took 0.257307 seconds .

========================================================================
Received Import Request.
  Time since last request: 89.721073 seconds.
  path: Assets/Animations/Animator
  artifactKey: Guid(678553b50278a494db42c4f72d845742) Importer(815301076,1909f56bfc062723c751e8b465ee728b)
Start importing Assets/Animations/Animator using Guid(678553b50278a494db42c4f72d845742) Importer(815301076,1909f56bfc062723c751e8b465ee728b)  -> (artifact id: 'a2538bd82e6a3dfd555789ecaaddfadf') in 0.221847 seconds 
  Import took 0.240698 seconds .

========================================================================
Received Import Request.
  Time since last request: 502.067593 seconds.
  path: Packages/com.unity.animation.rigging/Editor/Shapes/BoxEffector.asset
  artifactKey: Guid(687b70eb9c49243639f9379f6965034f) Importer(815301076,1909f56bfc062723c751e8b465ee728b)
Start importing Packages/com.unity.animation.rigging/Editor/Shapes/BoxEffector.asset using Guid(687b70eb9c49243639f9379f6965034f) Importer(815301076,1909f56bfc062723c751e8b465ee728b)  -> (artifact id: '3de7825b38869ceebf9d08451ee7fad3') in 0.814102 seconds 
  Import took 0.884010 seconds .

========================================================================
Received Import Request.
  Time since last request: 0.004212 seconds.
  path: Packages/com.unity.animation.rigging/Editor/Shapes/LocatorEffector.asset
  artifactKey: Guid(c6793350c150f456688e39a81f97364a) Importer(815301076,1909f56bfc062723c751e8b465ee728b)
Start importing Packages/com.unity.animation.rigging/Editor/Shapes/LocatorEffector.asset using Guid(c6793350c150f456688e39a81f97364a) Importer(815301076,1909f56bfc062723c751e8b465ee728b)  -> (artifact id: '34b93e84fa023610737c6d650447f326') in 0.599812 seconds 
  Import took 0.651590 seconds .

========================================================================
Received Import Request.
  Time since last request: 0.001980 seconds.
  path: Packages/com.unity.animation.rigging/Editor/Shapes/CircleEffector.asset
  artifactKey: Guid(b43e6ef97ee1b4e31be1a0187b9f4495) Importer(815301076,1909f56bfc062723c751e8b465ee728b)
Start importing Packages/com.unity.animation.rigging/Editor/Shapes/CircleEffector.asset using Guid(b43e6ef97ee1b4e31be1a0187b9f4495) Importer(815301076,1909f56bfc062723c751e8b465ee728b)  -> (artifact id: '76936680b9731dbf2cdd585408e11da2') in 0.653349 seconds 
  Import took 0.704308 seconds .

========================================================================
Received Import Request.
  Time since last request: 0.007710 seconds.
  path: Packages/com.unity.animation.rigging/Editor/Shapes/SquareEffector.asset
  artifactKey: Guid(707439f5f179a460987ecbb96364c8a9) Importer(815301076,1909f56bfc062723c751e8b465ee728b)
Start importing Packages/com.unity.animation.rigging/Editor/Shapes/SquareEffector.asset using Guid(707439f5f179a460987ecbb96364c8a9) Importer(815301076,1909f56bfc062723c751e8b465ee728b)  -> (artifact id: 'e4cec02cc8739780e2614d994c550d71') in 0.735071 seconds 
  Import took 0.896087 seconds .

========================================================================
Received Prepare
Registering precompiled user dll's ...
Registered in 0.070017 seconds.
Begin MonoManager ReloadAssembly
Native extension for WindowsStandalone target not found
Refreshing native plugins compatible for Editor in 4.37 ms, found 2 plugins.
Preloading 0 native plugins for Editor in 0.00 ms.
Mono: successfully reloaded assembly
- Completed reload, in 33.052 seconds
Domain Reload Profiling:
	ReloadAssembly (33056ms)
		BeginReloadAssembly (2425ms)
			ExecutionOrderSort (0ms)
			DisableScriptedObjects (77ms)
			BackupInstance (0ms)
			ReleaseScriptingObjects (1ms)
			CreateAndSetChildDomain (1276ms)
		EndReloadAssembly (29837ms)
			LoadAssemblies (1971ms)
			RebuildTransferFunctionScriptingTraits (1ms)
			SetupTypeCache (5431ms)
			ReleaseScriptCaches (27ms)
			RebuildScriptCaches (1855ms)
			SetupLoadedEditorAssemblies (14910ms)
				LogAssemblyErrors (0ms)
				InitializePlatformSupportModulesInManaged (295ms)
				SetLoadedEditorAssemblies (23ms)
				RefreshPlugins (5ms)
				BeforeProcessingInitializeOnLoad (3134ms)
				ProcessInitializeOnLoadAttributes (11013ms)
				ProcessInitializeOnLoadMethodAttributes (138ms)
				AfterProcessingInitializeOnLoad (300ms)
				EditorAssembliesLoaded (2ms)
			ExecutionOrderSort2 (0ms)
			AwakeInstancesAfterBackupRestoration (263ms)
Platform modules already initialized, skipping
Refreshing native plugins compatible for Editor in 4.51 ms, found 2 plugins.
Preloading 0 native plugins for Editor in 0.00 ms.
Unloading 1862 Unused Serialized files (Serialized files now loaded: 0)
System memory in use before: 104.3 MB.
System memory in use after: 104.4 MB.

Unloading 15 unused Assets to reduce memory usage. Loaded Objects now: 2316.
Total: 45.770400 ms (FindLiveObjects: 1.283800 ms CreateObjectMapping: 1.365900 ms MarkObjects: 42.945200 ms  DeleteObjects: 0.165400 ms)

AssetImportParameters requested are different than current active one (requested -> active):
  custom:framework-win-MediaFoundation: 216162199b28c13a410421893ffa2e32 -> 
  custom:video-decoder-ogg-theora: a1e56fd34408186e4bbccfd4996cb3dc -> 
  custom:container-muxer-webm: aa71ff27fc2769a1b78a27578f13a17b -> 
  custom:container-demuxer-webm: 4f35f7cbe854078d1ac9338744f61a02 -> 
  custom:container-demuxer-ogg: 62fdf1f143b41e24485cea50d1cbac27 -> 
  custom:video-encoder-webm-vp8: eb34c28f22e8b96e1ab97ce403110664 -> 
  custom:video-codec-MediaFoundation-h265: 746d11721c4dcdbdad8f713fa42b33f4 -> 
  custom:video-decoder-webm-vp8: 9c59270c3fd7afecdb556c50c9e8de78 -> 
  custom:audio-decoder-ogg-vorbis: bf7c407c2cedff20999df2af8eb42d56 -> 
  custom:audio-encoder-webm-vorbis: bf7c407c2cedff20999df2af8eb42d56 -> 
========================================================================
Received Prepare
Registering precompiled user dll's ...
Registered in 0.024263 seconds.
Begin MonoManager ReloadAssembly
Native extension for WindowsStandalone target not found
Refreshing native plugins compatible for Editor in 2.56 ms, found 2 plugins.
Preloading 0 native plugins for Editor in 0.00 ms.
Mono: successfully reloaded assembly
- Completed reload, in 11.124 seconds
Domain Reload Profiling:
	ReloadAssembly (11126ms)
		BeginReloadAssembly (739ms)
			ExecutionOrderSort (0ms)
			DisableScriptedObjects (36ms)
			BackupInstance (0ms)
			ReleaseScriptingObjects (0ms)
			CreateAndSetChildDomain (227ms)
		EndReloadAssembly (9787ms)
			LoadAssemblies (744ms)
			RebuildTransferFunctionScriptingTraits (0ms)
			SetupTypeCache (2901ms)
			ReleaseScriptCaches (4ms)
			RebuildScriptCaches (421ms)
			SetupLoadedEditorAssemblies (4318ms)
				LogAssemblyErrors (0ms)
				InitializePlatformSupportModulesInManaged (43ms)
				SetLoadedEditorAssemblies (4ms)
				RefreshPlugins (3ms)
				BeforeProcessingInitializeOnLoad (932ms)
				ProcessInitializeOnLoadAttributes (3187ms)
				ProcessInitializeOnLoadMethodAttributes (85ms)
				AfterProcessingInitializeOnLoad (61ms)
				EditorAssembliesLoaded (3ms)
			ExecutionOrderSort2 (0ms)
			AwakeInstancesAfterBackupRestoration (65ms)
Platform modules already initialized, skipping
Refreshing native plugins compatible for Editor in 2.64 ms, found 2 plugins.
Preloading 0 native plugins for Editor in 0.00 ms.
Unloading 1862 Unused Serialized files (Serialized files now loaded: 0)
System memory in use before: 104.4 MB.
System memory in use after: 104.5 MB.

Unloading 15 unused Assets to reduce memory usage. Loaded Objects now: 2318.
Total: 30.176000 ms (FindLiveObjects: 0.685300 ms CreateObjectMapping: 0.277900 ms MarkObjects: 29.070600 ms  DeleteObjects: 0.132500 ms)

AssetImportParameters requested are different than current active one (requested -> active):
  custom:framework-win-MediaFoundation: 216162199b28c13a410421893ffa2e32 -> 
  custom:video-decoder-ogg-theora: a1e56fd34408186e4bbccfd4996cb3dc -> 
  custom:container-muxer-webm: aa71ff27fc2769a1b78a27578f13a17b -> 
  custom:container-demuxer-webm: 4f35f7cbe854078d1ac9338744f61a02 -> 
  custom:container-demuxer-ogg: 62fdf1f143b41e24485cea50d1cbac27 -> 
  custom:video-encoder-webm-vp8: eb34c28f22e8b96e1ab97ce403110664 -> 
  custom:video-codec-MediaFoundation-h265: 746d11721c4dcdbdad8f713fa42b33f4 -> 
  custom:video-decoder-webm-vp8: 9c59270c3fd7afecdb556c50c9e8de78 -> 
  custom:audio-decoder-ogg-vorbis: bf7c407c2cedff20999df2af8eb42d56 -> 
  custom:audio-encoder-webm-vorbis: bf7c407c2cedff20999df2af8eb42d56 -> 
========================================================================
Received Prepare
Registering precompiled user dll's ...
Registered in 0.039505 seconds.
Begin MonoManager ReloadAssembly
Native extension for WindowsStandalone target not found
Refreshing native plugins compatible for Editor in 2.24 ms, found 2 plugins.
Preloading 0 native plugins for Editor in 0.00 ms.
Mono: successfully reloaded assembly
- Completed reload, in 12.165 seconds
Domain Reload Profiling:
	ReloadAssembly (12168ms)
		BeginReloadAssembly (940ms)
			ExecutionOrderSort (0ms)
			DisableScriptedObjects (41ms)
			BackupInstance (0ms)
			ReleaseScriptingObjects (0ms)
			CreateAndSetChildDomain (279ms)
		EndReloadAssembly (10276ms)
			LoadAssemblies (940ms)
			RebuildTransferFunctionScriptingTraits (0ms)
			SetupTypeCache (3037ms)
			ReleaseScriptCaches (8ms)
			RebuildScriptCaches (427ms)
			SetupLoadedEditorAssemblies (4876ms)
				LogAssemblyErrors (0ms)
				InitializePlatformSupportModulesInManaged (48ms)
				SetLoadedEditorAssemblies (3ms)
				RefreshPlugins (3ms)
				BeforeProcessingInitializeOnLoad (919ms)
				ProcessInitializeOnLoadAttributes (3775ms)
				ProcessInitializeOnLoadMethodAttributes (75ms)
				AfterProcessingInitializeOnLoad (49ms)
				EditorAssembliesLoaded (2ms)
			ExecutionOrderSort2 (0ms)
			AwakeInstancesAfterBackupRestoration (58ms)
Platform modules already initialized, skipping
Refreshing native plugins compatible for Editor in 3.20 ms, found 2 plugins.
Preloading 0 native plugins for Editor in 0.00 ms.
Unloading 1862 Unused Serialized files (Serialized files now loaded: 0)
System memory in use before: 104.4 MB.
System memory in use after: 104.5 MB.

Unloading 15 unused Assets to reduce memory usage. Loaded Objects now: 2320.
Total: 25.888500 ms (FindLiveObjects: 1.123800 ms CreateObjectMapping: 0.443600 ms MarkObjects: 24.147000 ms  DeleteObjects: 0.164300 ms)

AssetImportParameters requested are different than current active one (requested -> active):
  custom:framework-win-MediaFoundation: 216162199b28c13a410421893ffa2e32 -> 
  custom:video-decoder-ogg-theora: a1e56fd34408186e4bbccfd4996cb3dc -> 
  custom:container-muxer-webm: aa71ff27fc2769a1b78a27578f13a17b -> 
  custom:container-demuxer-webm: 4f35f7cbe854078d1ac9338744f61a02 -> 
  custom:container-demuxer-ogg: 62fdf1f143b41e24485cea50d1cbac27 -> 
  custom:video-encoder-webm-vp8: eb34c28f22e8b96e1ab97ce403110664 -> 
  custom:video-codec-MediaFoundation-h265: 746d11721c4dcdbdad8f713fa42b33f4 -> 
  custom:video-decoder-webm-vp8: 9c59270c3fd7afecdb556c50c9e8de78 -> 
  custom:audio-decoder-ogg-vorbis: bf7c407c2cedff20999df2af8eb42d56 -> 
  custom:audio-encoder-webm-vorbis: bf7c407c2cedff20999df2af8eb42d56 -> 
========================================================================
Received Import Request.
  Time since last request: 698.630052 seconds.
  path: Assets/Animator/Robot Kyle.controller
  artifactKey: Guid(8ebe8bb85fc80314bb12b3d924324c2d) Importer(815301076,1909f56bfc062723c751e8b465ee728b)
Start importing Assets/Animator/Robot Kyle.controller using Guid(8ebe8bb85fc80314bb12b3d924324c2d) Importer(815301076,1909f56bfc062723c751e8b465ee728b)  -> (artifact id: 'fdabe92e96dc6937e0e44403aa0e2641') in 0.224157 seconds 
  Import took 0.239981 seconds .

========================================================================
Received Prepare
Registering precompiled user dll's ...
Registered in 0.050629 seconds.
Begin MonoManager ReloadAssembly
Native extension for WindowsStandalone target not found
Refreshing native plugins compatible for Editor in 3.32 ms, found 2 plugins.
Preloading 0 native plugins for Editor in 0.00 ms.
Mono: successfully reloaded assembly
- Completed reload, in 12.643 seconds
Domain Reload Profiling:
	ReloadAssembly (12646ms)
		BeginReloadAssembly (1026ms)
			ExecutionOrderSort (0ms)
			DisableScriptedObjects (57ms)
			BackupInstance (0ms)
			ReleaseScriptingObjects (0ms)
			CreateAndSetChildDomain (300ms)
		EndReloadAssembly (10884ms)
			LoadAssemblies (1000ms)
			RebuildTransferFunctionScriptingTraits (0ms)
			SetupTypeCache (3312ms)
			ReleaseScriptCaches (7ms)
			RebuildScriptCaches (457ms)
			SetupLoadedEditorAssemblies (5093ms)
				LogAssemblyErrors (0ms)
				InitializePlatformSupportModulesInManaged (53ms)
				SetLoadedEditorAssemblies (5ms)
				RefreshPlugins (4ms)
				BeforeProcessingInitializeOnLoad (978ms)
				ProcessInitializeOnLoadAttributes (3888ms)
				ProcessInitializeOnLoadMethodAttributes (82ms)
				AfterProcessingInitializeOnLoad (80ms)
				EditorAssembliesLoaded (3ms)
			ExecutionOrderSort2 (0ms)
			AwakeInstancesAfterBackupRestoration (68ms)
Platform modules already initialized, skipping
Refreshing native plugins compatible for Editor in 4.34 ms, found 2 plugins.
Preloading 0 native plugins for Editor in 0.00 ms.
Unloading 1862 Unused Serialized files (Serialized files now loaded: 0)
System memory in use before: 104.4 MB.
System memory in use after: 104.5 MB.

Unloading 15 unused Assets to reduce memory usage. Loaded Objects now: 2322.
Total: 24.252900 ms (FindLiveObjects: 1.033100 ms CreateObjectMapping: 0.420800 ms MarkObjects: 22.640000 ms  DeleteObjects: 0.150500 ms)

AssetImportParameters requested are different than current active one (requested -> active):
  custom:framework-win-MediaFoundation: 216162199b28c13a410421893ffa2e32 -> 
  custom:video-decoder-ogg-theora: a1e56fd34408186e4bbccfd4996cb3dc -> 
  custom:container-muxer-webm: aa71ff27fc2769a1b78a27578f13a17b -> 
  custom:container-demuxer-webm: 4f35f7cbe854078d1ac9338744f61a02 -> 
  custom:container-demuxer-ogg: 62fdf1f143b41e24485cea50d1cbac27 -> 
  custom:video-encoder-webm-vp8: eb34c28f22e8b96e1ab97ce403110664 -> 
  custom:video-codec-MediaFoundation-h265: 746d11721c4dcdbdad8f713fa42b33f4 -> 
  custom:video-decoder-webm-vp8: 9c59270c3fd7afecdb556c50c9e8de78 -> 
  custom:audio-decoder-ogg-vorbis: bf7c407c2cedff20999df2af8eb42d56 -> 
  custom:audio-encoder-webm-vorbis: bf7c407c2cedff20999df2af8eb42d56 -> 
========================================================================
Received Prepare
Registering precompiled user dll's ...
Registered in 0.042945 seconds.
Begin MonoManager ReloadAssembly
Native extension for WindowsStandalone target not found
Refreshing native plugins compatible for Editor in 2.43 ms, found 2 plugins.
Preloading 0 native plugins for Editor in 0.00 ms.
Mono: successfully reloaded assembly
- Completed reload, in  7.481 seconds
Domain Reload Profiling:
	ReloadAssembly (7482ms)
		BeginReloadAssembly (623ms)
			ExecutionOrderSort (0ms)
			DisableScriptedObjects (30ms)
			BackupInstance (0ms)
			ReleaseScriptingObjects (0ms)
			CreateAndSetChildDomain (182ms)
		EndReloadAssembly (6441ms)
			LoadAssemblies (562ms)
			RebuildTransferFunctionScriptingTraits (0ms)
			SetupTypeCache (1627ms)
			ReleaseScriptCaches (6ms)
			RebuildScriptCaches (293ms)
			SetupLoadedEditorAssemblies (3218ms)
				LogAssemblyErrors (0ms)
				InitializePlatformSupportModulesInManaged (76ms)
				SetLoadedEditorAssemblies (3ms)
				RefreshPlugins (3ms)
				BeforeProcessingInitializeOnLoad (676ms)
				ProcessInitializeOnLoadAttributes (2374ms)
				ProcessInitializeOnLoadMethodAttributes (54ms)
				AfterProcessingInitializeOnLoad (31ms)
				EditorAssembliesLoaded (1ms)
			ExecutionOrderSort2 (0ms)
			AwakeInstancesAfterBackupRestoration (39ms)
Platform modules already initialized, skipping
Refreshing native plugins compatible for Editor in 2.27 ms, found 2 plugins.
Preloading 0 native plugins for Editor in 0.00 ms.
Unloading 1862 Unused Serialized files (Serialized files now loaded: 0)
System memory in use before: 104.4 MB.
System memory in use after: 104.5 MB.

Unloading 15 unused Assets to reduce memory usage. Loaded Objects now: 2324.
Total: 22.154000 ms (FindLiveObjects: 0.910100 ms CreateObjectMapping: 0.422600 ms MarkObjects: 20.679000 ms  DeleteObjects: 0.134800 ms)

AssetImportParameters requested are different than current active one (requested -> active):
  custom:framework-win-MediaFoundation: 216162199b28c13a410421893ffa2e32 -> 
  custom:video-decoder-ogg-theora: a1e56fd34408186e4bbccfd4996cb3dc -> 
  custom:container-muxer-webm: aa71ff27fc2769a1b78a27578f13a17b -> 
  custom:container-demuxer-webm: 4f35f7cbe854078d1ac9338744f61a02 -> 
  custom:container-demuxer-ogg: 62fdf1f143b41e24485cea50d1cbac27 -> 
  custom:video-encoder-webm-vp8: eb34c28f22e8b96e1ab97ce403110664 -> 
  custom:video-codec-MediaFoundation-h265: 746d11721c4dcdbdad8f713fa42b33f4 -> 
  custom:video-decoder-webm-vp8: 9c59270c3fd7afecdb556c50c9e8de78 -> 
  custom:audio-decoder-ogg-vorbis: bf7c407c2cedff20999df2af8eb42d56 -> 
  custom:audio-encoder-webm-vorbis: bf7c407c2cedff20999df2af8eb42d56 -> 
========================================================================
Received Import Request.
  Time since last request: 294.644771 seconds.
  path: Assets/Animations/Standing Idle.fbx
  artifactKey: Guid(bf8b1b7596df9c445838d3ace99f10ea) Importer(815301076,1909f56bfc062723c751e8b465ee728b)
Start importing Assets/Animations/Standing Idle.fbx using Guid(bf8b1b7596df9c445838d3ace99f10ea) Importer(815301076,1909f56bfc062723c751e8b465ee728b)  -> (artifact id: 'e38543ad13915cc5e4bd061f2e9f4bcd') in 1.278292 seconds 
  Import took 1.301761 seconds .

========================================================================
Received Import Request.
  Time since last request: 15.269530 seconds.
  path: Assets/Animations/Standing Idle.fbx
  artifactKey: Guid(bf8b1b7596df9c445838d3ace99f10ea) Importer(815301076,1909f56bfc062723c751e8b465ee728b)
Start importing Assets/Animations/Standing Idle.fbx using Guid(bf8b1b7596df9c445838d3ace99f10ea) Importer(815301076,1909f56bfc062723c751e8b465ee728b)  -> (artifact id: 'a10e7b8f267c9a549044bf7264b23abe') in 0.537696 seconds 
  Import took 0.562340 seconds .

========================================================================
Received Prepare
Registering precompiled user dll's ...
Registered in 0.010840 seconds.
Begin MonoManager ReloadAssembly
Native extension for WindowsStandalone target not found
Refreshing native plugins compatible for Editor in 0.47 ms, found 2 plugins.
Preloading 0 native plugins for Editor in 0.00 ms.
Mono: successfully reloaded assembly
- Completed reload, in  2.525 seconds
Domain Reload Profiling:
	ReloadAssembly (2525ms)
		BeginReloadAssembly (198ms)
			ExecutionOrderSort (0ms)
			DisableScriptedObjects (7ms)
			BackupInstance (0ms)
			ReleaseScriptingObjects (0ms)
			CreateAndSetChildDomain (65ms)
		EndReloadAssembly (2202ms)
			LoadAssemblies (178ms)
			RebuildTransferFunctionScriptingTraits (0ms)
			SetupTypeCache (603ms)
			ReleaseScriptCaches (2ms)
			RebuildScriptCaches (120ms)
			SetupLoadedEditorAssemblies (974ms)
				LogAssemblyErrors (0ms)
				InitializePlatformSupportModulesInManaged (9ms)
				SetLoadedEditorAssemblies (1ms)
				RefreshPlugins (1ms)
				BeforeProcessingInitializeOnLoad (222ms)
				ProcessInitializeOnLoadAttributes (702ms)
				ProcessInitializeOnLoadMethodAttributes (19ms)
				AfterProcessingInitializeOnLoad (20ms)
				EditorAssembliesLoaded (0ms)
			ExecutionOrderSort2 (0ms)
			AwakeInstancesAfterBackupRestoration (16ms)
Platform modules already initialized, skipping
Refreshing native plugins compatible for Editor in 0.93 ms, found 2 plugins.
Preloading 0 native plugins for Editor in 0.00 ms.
Unloading 1862 Unused Serialized files (Serialized files now loaded: 0)
System memory in use before: 104.6 MB.
System memory in use after: 104.7 MB.

Unloading 15 unused Assets to reduce memory usage. Loaded Objects now: 2360.
Total: 6.354500 ms (FindLiveObjects: 0.195400 ms CreateObjectMapping: 0.058600 ms MarkObjects: 6.059300 ms  DeleteObjects: 0.039200 ms)

AssetImportParameters requested are different than current active one (requested -> active):
  custom:framework-win-MediaFoundation: 216162199b28c13a410421893ffa2e32 -> 
  custom:video-decoder-ogg-theora: a1e56fd34408186e4bbccfd4996cb3dc -> 
  custom:container-muxer-webm: aa71ff27fc2769a1b78a27578f13a17b -> 
  custom:container-demuxer-webm: 4f35f7cbe854078d1ac9338744f61a02 -> 
  custom:container-demuxer-ogg: 62fdf1f143b41e24485cea50d1cbac27 -> 
  custom:video-encoder-webm-vp8: eb34c28f22e8b96e1ab97ce403110664 -> 
  custom:video-codec-MediaFoundation-h265: 746d11721c4dcdbdad8f713fa42b33f4 -> 
  custom:video-decoder-webm-vp8: 9c59270c3fd7afecdb556c50c9e8de78 -> 
  custom:audio-decoder-ogg-vorbis: bf7c407c2cedff20999df2af8eb42d56 -> 
  custom:audio-encoder-webm-vorbis: bf7c407c2cedff20999df2af8eb42d56 -> 
========================================================================
Received Import Request.
  Time since last request: 779.750473 seconds.
  path: Assets/Robot Kyle/Model/Robot Kyle.fbx
  artifactKey: Guid(320b1c2af77554f99a1658df4a6d3d5c) Importer(815301076,1909f56bfc062723c751e8b465ee728b)
Start importing Assets/Robot Kyle/Model/Robot Kyle.fbx using Guid(320b1c2af77554f99a1658df4a6d3d5c) Importer(815301076,1909f56bfc062723c751e8b465ee728b)  -> (artifact id: 'bcbabf10d3c6d80eefdf4d96b07c94c1') in 0.278378 seconds 
  Import took 0.288477 seconds .

========================================================================
Received Import Request.
  Time since last request: 18.785813 seconds.
  path: Assets/Robot Kyle/Model/Robot Kyle.fbx
  artifactKey: Guid(320b1c2af77554f99a1658df4a6d3d5c) Importer(815301076,1909f56bfc062723c751e8b465ee728b)
Start importing Assets/Robot Kyle/Model/Robot Kyle.fbx using Guid(320b1c2af77554f99a1658df4a6d3d5c) Importer(815301076,1909f56bfc062723c751e8b465ee728b)  -> (artifact id: 'd9d6a94e7108438dfc9501d20d7263cb') in 0.161195 seconds 
  Import took 0.169697 seconds .

========================================================================
Received Import Request.
  Time since last request: 70.115845 seconds.
  path: Assets/Robot Kyle/Model/Robot Kyle.fbx
  artifactKey: Guid(320b1c2af77554f99a1658df4a6d3d5c) Importer(815301076,1909f56bfc062723c751e8b465ee728b)
Start importing Assets/Robot Kyle/Model/Robot Kyle.fbx using Guid(320b1c2af77554f99a1658df4a6d3d5c) Importer(815301076,1909f56bfc062723c751e8b465ee728b)  -> (artifact id: '5b517560b077e2da265c5eb8c8f824eb') in 0.650583 seconds 
  Import took 0.715502 seconds .

========================================================================
Received Import Request.
  Time since last request: 85.752062 seconds.
  path: Assets/Robot Kyle/Model/Robot Kyle.fbx
  artifactKey: Guid(320b1c2af77554f99a1658df4a6d3d5c) Importer(815301076,1909f56bfc062723c751e8b465ee728b)
Start importing Assets/Robot Kyle/Model/Robot Kyle.fbx using Guid(320b1c2af77554f99a1658df4a6d3d5c) Importer(815301076,1909f56bfc062723c751e8b465ee728b)  -> (artifact id: 'b183e2da38c7805e85c2f7a712f443d1') in 0.202173 seconds 
  Import took 0.218163 seconds .

========================================================================
Received Prepare
Registering precompiled user dll's ...
Registered in 0.033701 seconds.
Begin MonoManager ReloadAssembly
Native extension for WindowsStandalone target not found
Refreshing native plugins compatible for Editor in 3.17 ms, found 2 plugins.
Preloading 0 native plugins for Editor in 0.00 ms.
Mono: successfully reloaded assembly
- Completed reload, in 10.673 seconds
Domain Reload Profiling:
	ReloadAssembly (10680ms)
		BeginReloadAssembly (1170ms)
			ExecutionOrderSort (0ms)
			DisableScriptedObjects (96ms)
			BackupInstance (0ms)
			ReleaseScriptingObjects (1ms)
			CreateAndSetChildDomain (364ms)
		EndReloadAssembly (8845ms)
			LoadAssemblies (902ms)
			RebuildTransferFunctionScriptingTraits (1ms)
			SetupTypeCache (3129ms)
			ReleaseScriptCaches (4ms)
			RebuildScriptCaches (377ms)
			SetupLoadedEditorAssemblies (3596ms)
				LogAssemblyErrors (0ms)
				InitializePlatformSupportModulesInManaged (50ms)
				SetLoadedEditorAssemblies (9ms)
				RefreshPlugins (4ms)
				BeforeProcessingInitializeOnLoad (777ms)
				ProcessInitializeOnLoadAttributes (2677ms)
				ProcessInitializeOnLoadMethodAttributes (60ms)
				AfterProcessingInitializeOnLoad (18ms)
				EditorAssembliesLoaded (1ms)
			ExecutionOrderSort2 (0ms)
			AwakeInstancesAfterBackupRestoration (38ms)
Platform modules already initialized, skipping
Refreshing native plugins compatible for Editor in 1.89 ms, found 2 plugins.
Preloading 0 native plugins for Editor in 0.00 ms.
Unloading 1862 Unused Serialized files (Serialized files now loaded: 0)
System memory in use before: 104.6 MB.
System memory in use after: 104.7 MB.

Unloading 15 unused Assets to reduce memory usage. Loaded Objects now: 2363.
Total: 19.833000 ms (FindLiveObjects: 0.707800 ms CreateObjectMapping: 0.285100 ms MarkObjects: 18.678600 ms  DeleteObjects: 0.154300 ms)

AssetImportParameters requested are different than current active one (requested -> active):
  custom:framework-win-MediaFoundation: 216162199b28c13a410421893ffa2e32 -> 
  custom:video-decoder-ogg-theora: a1e56fd34408186e4bbccfd4996cb3dc -> 
  custom:container-muxer-webm: aa71ff27fc2769a1b78a27578f13a17b -> 
  custom:container-demuxer-webm: 4f35f7cbe854078d1ac9338744f61a02 -> 
  custom:container-demuxer-ogg: 62fdf1f143b41e24485cea50d1cbac27 -> 
  custom:video-encoder-webm-vp8: eb34c28f22e8b96e1ab97ce403110664 -> 
  custom:video-codec-MediaFoundation-h265: 746d11721c4dcdbdad8f713fa42b33f4 -> 
  custom:video-decoder-webm-vp8: 9c59270c3fd7afecdb556c50c9e8de78 -> 
  custom:audio-decoder-ogg-vorbis: bf7c407c2cedff20999df2af8eb42d56 -> 
  custom:audio-encoder-webm-vorbis: bf7c407c2cedff20999df2af8eb42d56 -> 
========================================================================
Received Import Request.
  Time since last request: 237.629230 seconds.
  path: Assets/Robot Kyle/Model/Robot Kyle.fbx
  artifactKey: Guid(320b1c2af77554f99a1658df4a6d3d5c) Importer(815301076,1909f56bfc062723c751e8b465ee728b)
Start importing Assets/Robot Kyle/Model/Robot Kyle.fbx using Guid(320b1c2af77554f99a1658df4a6d3d5c) Importer(815301076,1909f56bfc062723c751e8b465ee728b)  -> (artifact id: '4de68958ae7b2f148c780da962ba9af1') in 0.195570 seconds 
  Import took 0.201110 seconds .

========================================================================
Received Import Request.
  Time since last request: 63.050661 seconds.
  path: Assets/Robot Kyle/Model/Robot Kyle.fbx
  artifactKey: Guid(320b1c2af77554f99a1658df4a6d3d5c) Importer(815301076,1909f56bfc062723c751e8b465ee728b)
Start importing Assets/Robot Kyle/Model/Robot Kyle.fbx using Guid(320b1c2af77554f99a1658df4a6d3d5c) Importer(815301076,1909f56bfc062723c751e8b465ee728b)  -> (artifact id: '612aeac7126760112afb35b634f4b462') in 0.226673 seconds 
  Import took 0.245239 seconds .

========================================================================
Received Import Request.
  Time since last request: 53.277410 seconds.
  path: Assets/Robot Kyle/Model/Robot Kyle.fbx
  artifactKey: Guid(320b1c2af77554f99a1658df4a6d3d5c) Importer(815301076,1909f56bfc062723c751e8b465ee728b)
Start importing Assets/Robot Kyle/Model/Robot Kyle.fbx using Guid(320b1c2af77554f99a1658df4a6d3d5c) Importer(815301076,1909f56bfc062723c751e8b465ee728b)  -> (artifact id: 'bffd1f87374b95ad8752a1c96bca3f8b') in 0.204077 seconds 
  Import took 0.216500 seconds .

========================================================================
Received Import Request.
  Time since last request: 18.110992 seconds.
  path: Assets/Robot Kyle/Model/Robot Kyle.fbx
  artifactKey: Guid(320b1c2af77554f99a1658df4a6d3d5c) Importer(815301076,1909f56bfc062723c751e8b465ee728b)
Start importing Assets/Robot Kyle/Model/Robot Kyle.fbx using Guid(320b1c2af77554f99a1658df4a6d3d5c) Importer(815301076,1909f56bfc062723c751e8b465ee728b)  -> (artifact id: 'f0ee35dd5c96c38d4ce3899158b40d33') in 0.389407 seconds 
  Import took 0.419056 seconds .

========================================================================
Received Import Request.
  Time since last request: 30.615782 seconds.
  path: Assets/Robot Kyle/Model/Robot Kyle.fbx
  artifactKey: Guid(320b1c2af77554f99a1658df4a6d3d5c) Importer(815301076,1909f56bfc062723c751e8b465ee728b)
Start importing Assets/Robot Kyle/Model/Robot Kyle.fbx using Guid(320b1c2af77554f99a1658df4a6d3d5c) Importer(815301076,1909f56bfc062723c751e8b465ee728b)  -> (artifact id: '69273e54225866bfc99bf62d8ad1eae6') in 0.374561 seconds 
  Import took 0.415951 seconds .

========================================================================
Received Prepare
Registering precompiled user dll's ...
Registered in 0.083127 seconds.
Begin MonoManager ReloadAssembly
Native extension for WindowsStandalone target not found
Refreshing native plugins compatible for Editor in 8.38 ms, found 2 plugins.
Preloading 0 native plugins for Editor in 0.00 ms.
Mono: successfully reloaded assembly
- Completed reload, in 20.924 seconds
Domain Reload Profiling:
	ReloadAssembly (20927ms)
		BeginReloadAssembly (2332ms)
			ExecutionOrderSort (0ms)
			DisableScriptedObjects (80ms)
			BackupInstance (0ms)
			ReleaseScriptingObjects (1ms)
			CreateAndSetChildDomain (760ms)
		EndReloadAssembly (16879ms)
			LoadAssemblies (1902ms)
			RebuildTransferFunctionScriptingTraits (1ms)
			SetupTypeCache (5219ms)
			ReleaseScriptCaches (10ms)
			RebuildScriptCaches (839ms)
			SetupLoadedEditorAssemblies (7676ms)
				LogAssemblyErrors (0ms)
				InitializePlatformSupportModulesInManaged (84ms)
				SetLoadedEditorAssemblies (12ms)
				RefreshPlugins (11ms)
				BeforeProcessingInitializeOnLoad (1734ms)
				ProcessInitializeOnLoadAttributes (5613ms)
				ProcessInitializeOnLoadMethodAttributes (133ms)
				AfterProcessingInitializeOnLoad (87ms)
				EditorAssembliesLoaded (2ms)
			ExecutionOrderSort2 (0ms)
			AwakeInstancesAfterBackupRestoration (118ms)
Platform modules already initialized, skipping
Refreshing native plugins compatible for Editor in 1.99 ms, found 2 plugins.
Preloading 0 native plugins for Editor in 0.00 ms.
Unloading 1862 Unused Serialized files (Serialized files now loaded: 0)
System memory in use before: 104.7 MB.
System memory in use after: 104.8 MB.

Unloading 15 unused Assets to reduce memory usage. Loaded Objects now: 2366.
Total: 30.521900 ms (FindLiveObjects: 0.851700 ms CreateObjectMapping: 0.282800 ms MarkObjects: 29.222900 ms  DeleteObjects: 0.156300 ms)

AssetImportParameters requested are different than current active one (requested -> active):
  custom:framework-win-MediaFoundation: 216162199b28c13a410421893ffa2e32 -> 
  custom:video-decoder-ogg-theora: a1e56fd34408186e4bbccfd4996cb3dc -> 
  custom:container-muxer-webm: aa71ff27fc2769a1b78a27578f13a17b -> 
  custom:container-demuxer-webm: 4f35f7cbe854078d1ac9338744f61a02 -> 
  custom:container-demuxer-ogg: 62fdf1f143b41e24485cea50d1cbac27 -> 
  custom:video-encoder-webm-vp8: eb34c28f22e8b96e1ab97ce403110664 -> 
  custom:video-codec-MediaFoundation-h265: 746d11721c4dcdbdad8f713fa42b33f4 -> 
  custom:video-decoder-webm-vp8: 9c59270c3fd7afecdb556c50c9e8de78 -> 
  custom:audio-decoder-ogg-vorbis: bf7c407c2cedff20999df2af8eb42d56 -> 
  custom:audio-encoder-webm-vorbis: bf7c407c2cedff20999df2af8eb42d56 -> 
========================================================================
Received Prepare
Registering precompiled user dll's ...
Registered in 0.229002 seconds.
Begin MonoManager ReloadAssembly
Native extension for WindowsStandalone target not found
Refreshing native plugins compatible for Editor in 8.50 ms, found 2 plugins.
Preloading 0 native plugins for Editor in 0.00 ms.
Mono: successfully reloaded assembly
- Completed reload, in 30.710 seconds
Domain Reload Profiling:
	ReloadAssembly (30723ms)
		BeginReloadAssembly (3210ms)
			ExecutionOrderSort (0ms)
			DisableScriptedObjects (145ms)
			BackupInstance (0ms)
			ReleaseScriptingObjects (0ms)
			CreateAndSetChildDomain (1200ms)
		EndReloadAssembly (25777ms)
			LoadAssemblies (2394ms)
			RebuildTransferFunctionScriptingTraits (1ms)
			SetupTypeCache (7232ms)
			ReleaseScriptCaches (5ms)
			RebuildScriptCaches (1053ms)
			SetupLoadedEditorAssemblies (13013ms)
				LogAssemblyErrors (0ms)
				InitializePlatformSupportModulesInManaged (139ms)
				SetLoadedEditorAssemblies (31ms)
				RefreshPlugins (9ms)
				BeforeProcessingInitializeOnLoad (2897ms)
				ProcessInitializeOnLoadAttributes (9589ms)
				ProcessInitializeOnLoadMethodAttributes (161ms)
				AfterProcessingInitializeOnLoad (180ms)
				EditorAssembliesLoaded (8ms)
			ExecutionOrderSort2 (0ms)
			AwakeInstancesAfterBackupRestoration (158ms)
Platform modules already initialized, skipping
Refreshing native plugins compatible for Editor in 7.57 ms, found 2 plugins.
Preloading 0 native plugins for Editor in 0.00 ms.
Unloading 1862 Unused Serialized files (Serialized files now loaded: 0)
System memory in use before: 104.7 MB.
System memory in use after: 104.8 MB.

Unloading 15 unused Assets to reduce memory usage. Loaded Objects now: 2368.
Total: 53.321100 ms (FindLiveObjects: 3.414800 ms CreateObjectMapping: 1.480400 ms MarkObjects: 48.200100 ms  DeleteObjects: 0.208800 ms)

AssetImportParameters requested are different than current active one (requested -> active):
  custom:framework-win-MediaFoundation: 216162199b28c13a410421893ffa2e32 -> 
  custom:video-decoder-ogg-theora: a1e56fd34408186e4bbccfd4996cb3dc -> 
  custom:container-muxer-webm: aa71ff27fc2769a1b78a27578f13a17b -> 
  custom:container-demuxer-webm: 4f35f7cbe854078d1ac9338744f61a02 -> 
  custom:container-demuxer-ogg: 62fdf1f143b41e24485cea50d1cbac27 -> 
  custom:video-encoder-webm-vp8: eb34c28f22e8b96e1ab97ce403110664 -> 
  custom:video-codec-MediaFoundation-h265: 746d11721c4dcdbdad8f713fa42b33f4 -> 
  custom:video-decoder-webm-vp8: 9c59270c3fd7afecdb556c50c9e8de78 -> 
  custom:audio-decoder-ogg-vorbis: bf7c407c2cedff20999df2af8eb42d56 -> 
  custom:audio-encoder-webm-vorbis: bf7c407c2cedff20999df2af8eb42d56 -> 
========================================================================
Received Prepare
Registering precompiled user dll's ...
Registered in 0.055319 seconds.
Begin MonoManager ReloadAssembly
Native extension for WindowsStandalone target not found
Refreshing native plugins compatible for Editor in 2.50 ms, found 2 plugins.
Preloading 0 native plugins for Editor in 0.00 ms.
Mono: successfully reloaded assembly
- Completed reload, in 13.596 seconds
Domain Reload Profiling:
	ReloadAssembly (13600ms)
		BeginReloadAssembly (922ms)
			ExecutionOrderSort (0ms)
			DisableScriptedObjects (57ms)
			BackupInstance (0ms)
			ReleaseScriptingObjects (1ms)
			CreateAndSetChildDomain (275ms)
		EndReloadAssembly (12062ms)
			LoadAssemblies (899ms)
			RebuildTransferFunctionScriptingTraits (1ms)
			SetupTypeCache (2909ms)
			ReleaseScriptCaches (4ms)
			RebuildScriptCaches (434ms)
			SetupLoadedEditorAssemblies (6779ms)
				LogAssemblyErrors (0ms)
				InitializePlatformSupportModulesInManaged (48ms)
				SetLoadedEditorAssemblies (4ms)
				RefreshPlugins (3ms)
				BeforeProcessingInitializeOnLoad (1548ms)
				ProcessInitializeOnLoadAttributes (5042ms)
				ProcessInitializeOnLoadMethodAttributes (78ms)
				AfterProcessingInitializeOnLoad (54ms)
				EditorAssembliesLoaded (2ms)
			ExecutionOrderSort2 (0ms)
			AwakeInstancesAfterBackupRestoration (50ms)
Platform modules already initialized, skipping
Refreshing native plugins compatible for Editor in 2.03 ms, found 2 plugins.
Preloading 0 native plugins for Editor in 0.00 ms.
Unloading 1862 Unused Serialized files (Serialized files now loaded: 0)
System memory in use before: 104.7 MB.
System memory in use after: 104.8 MB.

Unloading 15 unused Assets to reduce memory usage. Loaded Objects now: 2370.
Total: 27.775800 ms (FindLiveObjects: 0.726800 ms CreateObjectMapping: 0.278100 ms MarkObjects: 26.601400 ms  DeleteObjects: 0.160300 ms)

AssetImportParameters requested are different than current active one (requested -> active):
  custom:framework-win-MediaFoundation: 216162199b28c13a410421893ffa2e32 -> 
  custom:video-decoder-ogg-theora: a1e56fd34408186e4bbccfd4996cb3dc -> 
  custom:container-muxer-webm: aa71ff27fc2769a1b78a27578f13a17b -> 
  custom:container-demuxer-webm: 4f35f7cbe854078d1ac9338744f61a02 -> 
  custom:container-demuxer-ogg: 62fdf1f143b41e24485cea50d1cbac27 -> 
  custom:video-encoder-webm-vp8: eb34c28f22e8b96e1ab97ce403110664 -> 
  custom:video-codec-MediaFoundation-h265: 746d11721c4dcdbdad8f713fa42b33f4 -> 
  custom:video-decoder-webm-vp8: 9c59270c3fd7afecdb556c50c9e8de78 -> 
  custom:audio-decoder-ogg-vorbis: bf7c407c2cedff20999df2af8eb42d56 -> 
  custom:audio-encoder-webm-vorbis: bf7c407c2cedff20999df2af8eb42d56 -> 
========================================================================
Received Prepare
Registering precompiled user dll's ...
Registered in 0.030074 seconds.
Begin MonoManager ReloadAssembly
Native extension for WindowsStandalone target not found
Refreshing native plugins compatible for Editor in 2.29 ms, found 2 plugins.
Preloading 0 native plugins for Editor in 0.00 ms.
Mono: successfully reloaded assembly
- Completed reload, in 10.930 seconds
Domain Reload Profiling:
	ReloadAssembly (10933ms)
		BeginReloadAssembly (860ms)
			ExecutionOrderSort (0ms)
			DisableScriptedObjects (43ms)
			BackupInstance (0ms)
			ReleaseScriptingObjects (0ms)
			CreateAndSetChildDomain (280ms)
		EndReloadAssembly (9473ms)
			LoadAssemblies (805ms)
			RebuildTransferFunctionScriptingTraits (0ms)
			SetupTypeCache (2831ms)
			ReleaseScriptCaches (4ms)
			RebuildScriptCaches (410ms)
			SetupLoadedEditorAssemblies (4362ms)
				LogAssemblyErrors (0ms)
				InitializePlatformSupportModulesInManaged (61ms)
				SetLoadedEditorAssemblies (9ms)
				RefreshPlugins (3ms)
				BeforeProcessingInitializeOnLoad (895ms)
				ProcessInitializeOnLoadAttributes (3242ms)
				ProcessInitializeOnLoadMethodAttributes (83ms)
				AfterProcessingInitializeOnLoad (66ms)
				EditorAssembliesLoaded (3ms)
			ExecutionOrderSort2 (0ms)
			AwakeInstancesAfterBackupRestoration (62ms)
Platform modules already initialized, skipping
Refreshing native plugins compatible for Editor in 1.84 ms, found 2 plugins.
Preloading 0 native plugins for Editor in 0.00 ms.
Unloading 1862 Unused Serialized files (Serialized files now loaded: 0)
System memory in use before: 104.7 MB.
System memory in use after: 104.8 MB.

Unloading 15 unused Assets to reduce memory usage. Loaded Objects now: 2372.
Total: 20.433800 ms (FindLiveObjects: 0.797000 ms CreateObjectMapping: 0.337000 ms MarkObjects: 19.146000 ms  DeleteObjects: 0.144400 ms)

AssetImportParameters requested are different than current active one (requested -> active):
  custom:framework-win-MediaFoundation: 216162199b28c13a410421893ffa2e32 -> 
  custom:video-decoder-ogg-theora: a1e56fd34408186e4bbccfd4996cb3dc -> 
  custom:container-muxer-webm: aa71ff27fc2769a1b78a27578f13a17b -> 
  custom:container-demuxer-webm: 4f35f7cbe854078d1ac9338744f61a02 -> 
  custom:container-demuxer-ogg: 62fdf1f143b41e24485cea50d1cbac27 -> 
  custom:video-encoder-webm-vp8: eb34c28f22e8b96e1ab97ce403110664 -> 
  custom:video-codec-MediaFoundation-h265: 746d11721c4dcdbdad8f713fa42b33f4 -> 
  custom:video-decoder-webm-vp8: 9c59270c3fd7afecdb556c50c9e8de78 -> 
  custom:audio-decoder-ogg-vorbis: bf7c407c2cedff20999df2af8eb42d56 -> 
  custom:audio-encoder-webm-vorbis: bf7c407c2cedff20999df2af8eb42d56 -> 
========================================================================
Received Import Request.
  Time since last request: 1242.129907 seconds.
  path: Packages/com.unity.animation.rigging/Editor/Shapes/BallEffector.asset
  artifactKey: Guid(e050c2b16fe384bd994474655a4b4968) Importer(815301076,1909f56bfc062723c751e8b465ee728b)
Start importing Packages/com.unity.animation.rigging/Editor/Shapes/BallEffector.asset using Guid(e050c2b16fe384bd994474655a4b4968) Importer(815301076,1909f56bfc062723c751e8b465ee728b)  -> (artifact id: 'c0d33717042372f07f2793c4d79945c5') in 0.916948 seconds 
  Import took 0.946492 seconds .

========================================================================
Received Prepare
Registering precompiled user dll's ...
Registered in 0.089198 seconds.
Begin MonoManager ReloadAssembly
Native extension for WindowsStandalone target not found
Refreshing native plugins compatible for Editor in 3.48 ms, found 2 plugins.
Preloading 0 native plugins for Editor in 0.00 ms.
Mono: successfully reloaded assembly
- Completed reload, in 14.938 seconds
Domain Reload Profiling:
	ReloadAssembly (14941ms)
		BeginReloadAssembly (1188ms)
			ExecutionOrderSort (0ms)
			DisableScriptedObjects (62ms)
			BackupInstance (0ms)
			ReleaseScriptingObjects (0ms)
			CreateAndSetChildDomain (360ms)
		EndReloadAssembly (12579ms)
			LoadAssemblies (1120ms)
			RebuildTransferFunctionScriptingTraits (1ms)
			SetupTypeCache (3833ms)
			ReleaseScriptCaches (6ms)
			RebuildScriptCaches (501ms)
			SetupLoadedEditorAssemblies (5456ms)
				LogAssemblyErrors (0ms)
				InitializePlatformSupportModulesInManaged (74ms)
				SetLoadedEditorAssemblies (18ms)
				RefreshPlugins (4ms)
				BeforeProcessingInitializeOnLoad (1621ms)
				ProcessInitializeOnLoadAttributes (3583ms)
				ProcessInitializeOnLoadMethodAttributes (96ms)
				AfterProcessingInitializeOnLoad (56ms)
				EditorAssembliesLoaded (4ms)
			ExecutionOrderSort2 (0ms)
			AwakeInstancesAfterBackupRestoration (59ms)
Platform modules already initialized, skipping
Refreshing native plugins compatible for Editor in 3.09 ms, found 2 plugins.
Preloading 0 native plugins for Editor in 0.00 ms.
Unloading 1862 Unused Serialized files (Serialized files now loaded: 0)
System memory in use before: 104.7 MB.
System memory in use after: 104.8 MB.

Unloading 15 unused Assets to reduce memory usage. Loaded Objects now: 2375.
Total: 24.927800 ms (FindLiveObjects: 0.959300 ms CreateObjectMapping: 0.698400 ms MarkObjects: 23.100100 ms  DeleteObjects: 0.161900 ms)

AssetImportParameters requested are different than current active one (requested -> active):
  custom:framework-win-MediaFoundation: 216162199b28c13a410421893ffa2e32 -> 
  custom:video-decoder-ogg-theora: a1e56fd34408186e4bbccfd4996cb3dc -> 
  custom:container-muxer-webm: aa71ff27fc2769a1b78a27578f13a17b -> 
  custom:container-demuxer-webm: 4f35f7cbe854078d1ac9338744f61a02 -> 
  custom:container-demuxer-ogg: 62fdf1f143b41e24485cea50d1cbac27 -> 
  custom:video-encoder-webm-vp8: eb34c28f22e8b96e1ab97ce403110664 -> 
  custom:video-codec-MediaFoundation-h265: 746d11721c4dcdbdad8f713fa42b33f4 -> 
  custom:video-decoder-webm-vp8: 9c59270c3fd7afecdb556c50c9e8de78 -> 
  custom:audio-decoder-ogg-vorbis: bf7c407c2cedff20999df2af8eb42d56 -> 
  custom:audio-encoder-webm-vorbis: bf7c407c2cedff20999df2af8eb42d56 -> 
========================================================================
Received Prepare
Registering precompiled user dll's ...
Registered in 0.043528 seconds.
Begin MonoManager ReloadAssembly
Native extension for WindowsStandalone target not found
Refreshing native plugins compatible for Editor in 2.78 ms, found 2 plugins.
Preloading 0 native plugins for Editor in 0.00 ms.
Mono: successfully reloaded assembly
- Completed reload, in 14.204 seconds
Domain Reload Profiling:
	ReloadAssembly (14207ms)
		BeginReloadAssembly (1199ms)
			ExecutionOrderSort (0ms)
			DisableScriptedObjects (68ms)
			BackupInstance (0ms)
			ReleaseScriptingObjects (1ms)
			CreateAndSetChildDomain (347ms)
		EndReloadAssembly (12165ms)
			LoadAssemblies (987ms)
			RebuildTransferFunctionScriptingTraits (0ms)
			SetupTypeCache (3742ms)
			ReleaseScriptCaches (8ms)
			RebuildScriptCaches (558ms)
			SetupLoadedEditorAssemblies (5412ms)
				LogAssemblyErrors (0ms)
				InitializePlatformSupportModulesInManaged (70ms)
				SetLoadedEditorAssemblies (5ms)
				RefreshPlugins (3ms)
				BeforeProcessingInitializeOnLoad (1112ms)
				ProcessInitializeOnLoadAttributes (4051ms)
				ProcessInitializeOnLoadMethodAttributes (104ms)
				AfterProcessingInitializeOnLoad (63ms)
				EditorAssembliesLoaded (4ms)
			ExecutionOrderSort2 (0ms)
			AwakeInstancesAfterBackupRestoration (76ms)
Platform modules already initialized, skipping
Refreshing native plugins compatible for Editor in 5.99 ms, found 2 plugins.
Preloading 0 native plugins for Editor in 0.00 ms.
Unloading 1862 Unused Serialized files (Serialized files now loaded: 0)
System memory in use before: 104.7 MB.
System memory in use after: 104.8 MB.

Unloading 15 unused Assets to reduce memory usage. Loaded Objects now: 2377.
Total: 31.482600 ms (FindLiveObjects: 1.149900 ms CreateObjectMapping: 0.535200 ms MarkObjects: 29.082700 ms  DeleteObjects: 0.705200 ms)

AssetImportParameters requested are different than current active one (requested -> active):
  custom:framework-win-MediaFoundation: 216162199b28c13a410421893ffa2e32 -> 
  custom:video-decoder-ogg-theora: a1e56fd34408186e4bbccfd4996cb3dc -> 
  custom:container-muxer-webm: aa71ff27fc2769a1b78a27578f13a17b -> 
  custom:container-demuxer-webm: 4f35f7cbe854078d1ac9338744f61a02 -> 
  custom:container-demuxer-ogg: 62fdf1f143b41e24485cea50d1cbac27 -> 
  custom:video-encoder-webm-vp8: eb34c28f22e8b96e1ab97ce403110664 -> 
  custom:video-codec-MediaFoundation-h265: 746d11721c4dcdbdad8f713fa42b33f4 -> 
  custom:video-decoder-webm-vp8: 9c59270c3fd7afecdb556c50c9e8de78 -> 
  custom:audio-decoder-ogg-vorbis: bf7c407c2cedff20999df2af8eb42d56 -> 
  custom:audio-encoder-webm-vorbis: bf7c407c2cedff20999df2af8eb42d56 -> 
========================================================================
Received Import Request.
  Time since last request: 1098.037289 seconds.
  path: Assets/Animations/xbot.fbx
  artifactKey: Guid(ffb37f02a810d6b4aa47c252d4f63943) Importer(815301076,1909f56bfc062723c751e8b465ee728b)
Start importing Assets/Animations/xbot.fbx using Guid(ffb37f02a810d6b4aa47c252d4f63943) Importer(815301076,1909f56bfc062723c751e8b465ee728b)  -> (artifact id: '5bb027e4a54e4dc20423736f507a7674') in 1.752982 seconds 
  Import took 1.788656 seconds .

AssetImportWorkerClient::OnTransportError - code=2 error=End of file
