Using pre-set license
Built from '2020.3/staging' branch; Version is '2020.3.22f1 (e1a7f79fd887) revision 14788599'; Using compiler version '192528614'; Build Type 'Release'
OS: 'Windows 10 Pro; OS build 19042.1466; Version 2009; 64bit' Language: 'de' Physical Memory: 16103 MB
BatchMode: 1, IsHumanControllingUs: 0, StartBugReporterOnCrash: 0, Is64bit: 1, IsPro: 0

COMMAND LINE ARGUMENTS:
C:\Program Files\Unity Editors\2020.3.22f1\Editor\Unity.exe
-adb2
-batchMode
-noUpm
-name
AssetImportWorker13
-projectPath
C:/Users/fkock/Documents/Master/Semester 2/Human Robot Interaction/Human-Robot-Interaction/My project
-logFile
Logs/AssetImportWorker13.log
-srvPort
65075
Successfully changed project path to: C:/Users/fkock/Documents/Master/Semester 2/Human Robot Interaction/Human-Robot-Interaction/My project
C:/Users/fkock/Documents/Master/Semester 2/Human Robot Interaction/Human-Robot-Interaction/My project
Using Asset Import Pipeline V2.
Refreshing native plugins compatible for Editor in 931.25 ms, found 2 plugins.
Preloading 0 native plugins for Editor in 0.00 ms.
Initialize engine version: 2020.3.22f1 (e1a7f79fd887)
[Subsystems] Discovering subsystems at path C:/Program Files/Unity Editors/2020.3.22f1/Editor/Data/Resources/UnitySubsystems
[Subsystems] Discovering subsystems at path C:/Users/fkock/Documents/Master/Semester 2/Human Robot Interaction/Human-Robot-Interaction/My project/Assets
GfxDevice: creating device client; threaded=0
Direct3D:
    Version:  Direct3D 11.0 [level 11.1]
    Renderer: NVIDIA T500 (ID=0x1fbb)
    Vendor:   
    VRAM:     3968 MB
    Driver:   30.0.14.7242
Initialize mono
Mono path[0] = 'C:/Program Files/Unity Editors/2020.3.22f1/Editor/Data/Managed'
Mono path[1] = 'C:/Program Files/Unity Editors/2020.3.22f1/Editor/Data/MonoBleedingEdge/lib/mono/unityjit'
Mono config path = 'C:/Program Files/Unity Editors/2020.3.22f1/Editor/Data/MonoBleedingEdge/etc'
Using monoOptions --debugger-agent=transport=dt_socket,embedding=1,server=y,suspend=n,address=127.0.0.1:56108
Begin MonoManager ReloadAssembly
Registering precompiled unity dll's ...
Register platform support module: C:/Program Files/Unity Editors/2020.3.22f1/Editor/Data/PlaybackEngines/WindowsStandaloneSupport/UnityEditor.WindowsStandalone.Extensions.dll
Registered in 0.036644 seconds.
Native extension for WindowsStandalone target not found
Refreshing native plugins compatible for Editor in 428.46 ms, found 2 plugins.
Preloading 0 native plugins for Editor in 0.00 ms.
Mono: successfully reloaded assembly
- Completed reload, in 11.654 seconds
Domain Reload Profiling:
	ReloadAssembly (11656ms)
		BeginReloadAssembly (1217ms)
			ExecutionOrderSort (0ms)
			DisableScriptedObjects (0ms)
			BackupInstance (0ms)
			ReleaseScriptingObjects (0ms)
			CreateAndSetChildDomain (11ms)
		EndReloadAssembly (4277ms)
			LoadAssemblies (1186ms)
			RebuildTransferFunctionScriptingTraits (1ms)
			SetupTypeCache (1554ms)
			ReleaseScriptCaches (0ms)
			RebuildScriptCaches (221ms)
			SetupLoadedEditorAssemblies (1616ms)
				LogAssemblyErrors (0ms)
				InitializePlatformSupportModulesInManaged (30ms)
				SetLoadedEditorAssemblies (2ms)
				RefreshPlugins (429ms)
				BeforeProcessingInitializeOnLoad (111ms)
				ProcessInitializeOnLoadAttributes (790ms)
				ProcessInitializeOnLoadMethodAttributes (254ms)
				AfterProcessingInitializeOnLoad (0ms)
				EditorAssembliesLoaded (1ms)
			ExecutionOrderSort2 (0ms)
			AwakeInstancesAfterBackupRestoration (0ms)
Platform modules already initialized, skipping
Registering precompiled user dll's ...
Registered in 0.036433 seconds.
Begin MonoManager ReloadAssembly
Symbol file data-0000019F8D3BC180 doesn't match image C:\Users\fkock\Documents\Master\Semester 2\Human Robot Interaction\Human-Robot-Interaction\My project\Library\ScriptAssemblies\Unity.Services.Core.Editor.dll
Symbol file LoadedFromMemory is not a mono symbol file
Symbol file data-0000019F87827CB0 doesn't match image C:\Users\fkock\Documents\Master\Semester 2\Human Robot Interaction\Human-Robot-Interaction\My project\Library\ScriptAssemblies\Unity.VSCode.Editor.dll
Symbol file LoadedFromMemory is not a mono symbol file
Symbol file data-0000019F8D637C20 doesn't match image C:\Users\fkock\Documents\Master\Semester 2\Human Robot Interaction\Human-Robot-Interaction\My project\Library\ScriptAssemblies\Unity.TextMeshPro.Editor.dll
Symbol file LoadedFromMemory is not a mono symbol file
Symbol file data-0000019F8C329620 doesn't match image C:\Users\fkock\Documents\Master\Semester 2\Human Robot Interaction\Human-Robot-Interaction\My project\Library\ScriptAssemblies\Unity.VisualStudio.Editor.dll
Symbol file LoadedFromMemory is not a mono symbol file
Symbol file data-0000019F8C329620 doesn't match image C:\Users\fkock\Documents\Master\Semester 2\Human Robot Interaction\Human-Robot-Interaction\My project\Library\ScriptAssemblies\UnityEngine.TestRunner.dll
Symbol file LoadedFromMemory is not a mono symbol file
Symbol file data-0000019F8C346020 doesn't match image C:\Users\fkock\Documents\Master\Semester 2\Human Robot Interaction\Human-Robot-Interaction\My project\Library\ScriptAssemblies\Unity.Timeline.Editor.dll
Symbol file LoadedFromMemory is not a mono symbol file
Symbol file data-0000019F8D64D430 doesn't match image C:\Users\fkock\Documents\Master\Semester 2\Human Robot Interaction\Human-Robot-Interaction\My project\Library\ScriptAssemblies\Unity.Timeline.dll
Symbol file LoadedFromMemory is not a mono symbol file
Symbol file data-0000019F8C346020 doesn't match image C:\Users\fkock\Documents\Master\Semester 2\Human Robot Interaction\Human-Robot-Interaction\My project\Library\ScriptAssemblies\Unity.TextMeshPro.dll
Symbol file LoadedFromMemory is not a mono symbol file
Symbol file data-0000019F8D64D430 doesn't match image C:\Users\fkock\Documents\Master\Semester 2\Human Robot Interaction\Human-Robot-Interaction\My project\Library\ScriptAssemblies\Unity.CollabProxy.Editor.dll
Symbol file LoadedFromMemory is not a mono symbol file
Symbol file data-0000019F8C66B230 doesn't match image C:\Users\fkock\Documents\Master\Semester 2\Human Robot Interaction\Human-Robot-Interaction\My project\Library\ScriptAssemblies\UnityEditor.TestRunner.dll
Symbol file LoadedFromMemory is not a mono symbol file
Symbol file data-0000019F8C1ABC20 doesn't match image C:\Users\fkock\Documents\Master\Semester 2\Human Robot Interaction\Human-Robot-Interaction\My project\Library\ScriptAssemblies\UnityEditor.UI.dll
Symbol file LoadedFromMemory is not a mono symbol file
Symbol file data-0000019F8C39A020 doesn't match image C:\Users\fkock\Documents\Master\Semester 2\Human Robot Interaction\Human-Robot-Interaction\My project\Library\ScriptAssemblies\Unity.PlasticSCM.Editor.dll
Symbol file LoadedFromMemory is not a mono symbol file
Symbol file data-0000019F8D3BC180 doesn't match image C:\Users\fkock\Documents\Master\Semester 2\Human Robot Interaction\Human-Robot-Interaction\My project\Library\ScriptAssemblies\Unity.Rider.Editor.dll
Symbol file LoadedFromMemory is not a mono symbol file
Symbol file data-0000019F8C691020 doesn't match image C:\Users\fkock\Documents\Master\Semester 2\Human Robot Interaction\Human-Robot-Interaction\My project\Library\ScriptAssemblies\UnityEngine.UI.dll
Symbol file LoadedFromMemory is not a mono symbol file
Native extension for WindowsStandalone target not found
Refreshing native plugins compatible for Editor in 2.13 ms, found 2 plugins.
Preloading 0 native plugins for Editor in 0.00 ms.
Mono: successfully reloaded assembly
- Completed reload, in  6.961 seconds
Domain Reload Profiling:
	ReloadAssembly (6965ms)
		BeginReloadAssembly (1084ms)
			ExecutionOrderSort (0ms)
			DisableScriptedObjects (35ms)
			BackupInstance (0ms)
			ReleaseScriptingObjects (0ms)
			CreateAndSetChildDomain (135ms)
		EndReloadAssembly (5477ms)
			LoadAssemblies (557ms)
			RebuildTransferFunctionScriptingTraits (0ms)
			SetupTypeCache (1831ms)
			ReleaseScriptCaches (1ms)
			RebuildScriptCaches (314ms)
			SetupLoadedEditorAssemblies (2121ms)
				LogAssemblyErrors (0ms)
				InitializePlatformSupportModulesInManaged (45ms)
				SetLoadedEditorAssemblies (3ms)
				RefreshPlugins (3ms)
				BeforeProcessingInitializeOnLoad (571ms)
				ProcessInitializeOnLoadAttributes (1381ms)
				ProcessInitializeOnLoadMethodAttributes (69ms)
				AfterProcessingInitializeOnLoad (48ms)
				EditorAssembliesLoaded (2ms)
			ExecutionOrderSort2 (1ms)
			AwakeInstancesAfterBackupRestoration (45ms)
Platform modules already initialized, skipping
========================================================================
Worker process is ready to serve import requests
Launched and connected shader compiler UnityShaderCompiler.exe after 0.26 seconds
Refreshing native plugins compatible for Editor in 3.14 ms, found 2 plugins.
Preloading 0 native plugins for Editor in 0.00 ms.
Unloading 1606 Unused Serialized files (Serialized files now loaded: 0)
System memory in use before: 89.3 MB.
System memory in use after: 89.3 MB.

Unloading 20 unused Assets to reduce memory usage. Loaded Objects now: 2057.
Total: 21.351800 ms (FindLiveObjects: 0.811100 ms CreateObjectMapping: 0.377200 ms MarkObjects: 19.630400 ms  DeleteObjects: 0.527300 ms)

AssetImportParameters requested are different than current active one (requested -> active):
  custom:framework-win-MediaFoundation: 216162199b28c13a410421893ffa2e32 -> 
  custom:video-decoder-ogg-theora: a1e56fd34408186e4bbccfd4996cb3dc -> 
  custom:container-muxer-webm: aa71ff27fc2769a1b78a27578f13a17b -> 
  custom:container-demuxer-webm: 4f35f7cbe854078d1ac9338744f61a02 -> 
  custom:container-demuxer-ogg: 62fdf1f143b41e24485cea50d1cbac27 -> 
  custom:video-encoder-webm-vp8: eb34c28f22e8b96e1ab97ce403110664 -> 
  custom:video-codec-MediaFoundation-h265: 746d11721c4dcdbdad8f713fa42b33f4 -> 
  custom:video-decoder-webm-vp8: 9c59270c3fd7afecdb556c50c9e8de78 -> 
  custom:audio-decoder-ogg-vorbis: bf7c407c2cedff20999df2af8eb42d56 -> 
  custom:audio-encoder-webm-vorbis: bf7c407c2cedff20999df2af8eb42d56 -> 
========================================================================
Received Import Request.
  path: Assets/SoundManager.cs
  artifactKey: Guid(d958aa68beef27b46aa358d17e9f9b22) Importer(815301076,1909f56bfc062723c751e8b465ee728b)
Start importing Assets/SoundManager.cs using Guid(d958aa68beef27b46aa358d17e9f9b22) Importer(815301076,1909f56bfc062723c751e8b465ee728b)  -> (artifact id: '7e30bfe812797f651ed431a1184e94a1') in 0.322083 seconds 
  Import took 0.344024 seconds .

========================================================================
Received Import Request.
  Time since last request: 760.698986 seconds.
  path: Assets/SoundManager.cs
  artifactKey: Guid(d958aa68beef27b46aa358d17e9f9b22) Importer(815301076,1909f56bfc062723c751e8b465ee728b)
Start importing Assets/SoundManager.cs using Guid(d958aa68beef27b46aa358d17e9f9b22) Importer(815301076,1909f56bfc062723c751e8b465ee728b)  -> (artifact id: 'b088c76fcbf89faa6e82516b583f1e0a') in 0.183150 seconds 
  Import took 0.236913 seconds .

========================================================================
Received Import Request.
  Time since last request: 66.325235 seconds.
  path: Assets/SoundManager.cs
  artifactKey: Guid(d958aa68beef27b46aa358d17e9f9b22) Importer(815301076,1909f56bfc062723c751e8b465ee728b)
Start importing Assets/SoundManager.cs using Guid(d958aa68beef27b46aa358d17e9f9b22) Importer(815301076,1909f56bfc062723c751e8b465ee728b)  -> (artifact id: '84532d58e40ea9116d56d81f40ad6639') in 0.203681 seconds 
  Import took 0.222927 seconds .

========================================================================
Received Import Request.
  Time since last request: 6.831888 seconds.
  path: Assets/SoundManager.cs
  artifactKey: Guid(d958aa68beef27b46aa358d17e9f9b22) Importer(815301076,1909f56bfc062723c751e8b465ee728b)
Start importing Assets/SoundManager.cs using Guid(d958aa68beef27b46aa358d17e9f9b22) Importer(815301076,1909f56bfc062723c751e8b465ee728b)  -> (artifact id: '27145257db60282d9da5a601c78e5232') in 0.221226 seconds 
  Import took 0.240702 seconds .

========================================================================
Received Prepare
Registering precompiled user dll's ...
Registered in 0.039511 seconds.
Begin MonoManager ReloadAssembly
Symbol file data-0000019F8D3BC180 doesn't match image C:\Users\fkock\Documents\Master\Semester 2\Human Robot Interaction\Human-Robot-Interaction\My project\Library\ScriptAssemblies\Unity.Services.Core.Editor.dll
Symbol file LoadedFromMemory is not a mono symbol file
Symbol file data-0000019F8FC89700 doesn't match image C:\Users\fkock\Documents\Master\Semester 2\Human Robot Interaction\Human-Robot-Interaction\My project\Library\ScriptAssemblies\Unity.VSCode.Editor.dll
Symbol file LoadedFromMemory is not a mono symbol file
Symbol file data-0000019F8C9F0010 doesn't match image C:\Users\fkock\Documents\Master\Semester 2\Human Robot Interaction\Human-Robot-Interaction\My project\Library\ScriptAssemblies\Unity.TextMeshPro.Editor.dll
Symbol file LoadedFromMemory is not a mono symbol file
Symbol file data-0000019F87821440 doesn't match image C:\Users\fkock\Documents\Master\Semester 2\Human Robot Interaction\Human-Robot-Interaction\My project\Library\ScriptAssemblies\Unity.VisualStudio.Editor.dll
Symbol file LoadedFromMemory is not a mono symbol file
Symbol file data-0000019F87703940 doesn't match image C:\Users\fkock\Documents\Master\Semester 2\Human Robot Interaction\Human-Robot-Interaction\My project\Library\ScriptAssemblies\UnityEngine.TestRunner.dll
Symbol file LoadedFromMemory is not a mono symbol file
Symbol file data-0000019F8C346020 doesn't match image C:\Users\fkock\Documents\Master\Semester 2\Human Robot Interaction\Human-Robot-Interaction\My project\Library\ScriptAssemblies\Unity.Timeline.Editor.dll
Symbol file LoadedFromMemory is not a mono symbol file
Symbol file data-0000019F8C9F0010 doesn't match image C:\Users\fkock\Documents\Master\Semester 2\Human Robot Interaction\Human-Robot-Interaction\My project\Library\ScriptAssemblies\Unity.Timeline.dll
Symbol file LoadedFromMemory is not a mono symbol file
Symbol file data-0000019F880CF010 doesn't match image C:\Users\fkock\Documents\Master\Semester 2\Human Robot Interaction\Human-Robot-Interaction\My project\Library\ScriptAssemblies\Unity.TextMeshPro.dll
Symbol file LoadedFromMemory is not a mono symbol file
Symbol file data-0000019F87703940 doesn't match image C:\Users\fkock\Documents\Master\Semester 2\Human Robot Interaction\Human-Robot-Interaction\My project\Library\ScriptAssemblies\Unity.CollabProxy.Editor.dll
Symbol file LoadedFromMemory is not a mono symbol file
Symbol file data-0000019F87DAA440 doesn't match image C:\Users\fkock\Documents\Master\Semester 2\Human Robot Interaction\Human-Robot-Interaction\My project\Library\ScriptAssemblies\UnityEditor.TestRunner.dll
Symbol file LoadedFromMemory is not a mono symbol file
Symbol file data-0000019F87821440 doesn't match image C:\Users\fkock\Documents\Master\Semester 2\Human Robot Interaction\Human-Robot-Interaction\My project\Library\ScriptAssemblies\UnityEditor.UI.dll
Symbol file LoadedFromMemory is not a mono symbol file
Symbol file data-0000019F8C39A020 doesn't match image C:\Users\fkock\Documents\Master\Semester 2\Human Robot Interaction\Human-Robot-Interaction\My project\Library\ScriptAssemblies\Unity.PlasticSCM.Editor.dll
Symbol file LoadedFromMemory is not a mono symbol file
Symbol file data-0000019F8D3BC180 doesn't match image C:\Users\fkock\Documents\Master\Semester 2\Human Robot Interaction\Human-Robot-Interaction\My project\Library\ScriptAssemblies\Unity.Rider.Editor.dll
Symbol file LoadedFromMemory is not a mono symbol file
Symbol file data-0000019F9139DF60 doesn't match image C:\Users\fkock\Documents\Master\Semester 2\Human Robot Interaction\Human-Robot-Interaction\My project\Library\ScriptAssemblies\UnityEngine.UI.dll
Symbol file LoadedFromMemory is not a mono symbol file
Native extension for WindowsStandalone target not found
Refreshing native plugins compatible for Editor in 1.12 ms, found 2 plugins.
Preloading 0 native plugins for Editor in 0.00 ms.
Mono: successfully reloaded assembly
- Completed reload, in  9.999 seconds
Domain Reload Profiling:
	ReloadAssembly (10008ms)
		BeginReloadAssembly (1193ms)
			ExecutionOrderSort (0ms)
			DisableScriptedObjects (88ms)
			BackupInstance (0ms)
			ReleaseScriptingObjects (1ms)
			CreateAndSetChildDomain (428ms)
		EndReloadAssembly (8029ms)
			LoadAssemblies (852ms)
			RebuildTransferFunctionScriptingTraits (0ms)
			SetupTypeCache (3125ms)
			ReleaseScriptCaches (5ms)
			RebuildScriptCaches (429ms)
			SetupLoadedEditorAssemblies (2655ms)
				LogAssemblyErrors (0ms)
				InitializePlatformSupportModulesInManaged (17ms)
				SetLoadedEditorAssemblies (2ms)
				RefreshPlugins (1ms)
				BeforeProcessingInitializeOnLoad (790ms)
				ProcessInitializeOnLoadAttributes (1702ms)
				ProcessInitializeOnLoadMethodAttributes (87ms)
				AfterProcessingInitializeOnLoad (55ms)
				EditorAssembliesLoaded (2ms)
			ExecutionOrderSort2 (0ms)
			AwakeInstancesAfterBackupRestoration (63ms)
Platform modules already initialized, skipping
Refreshing native plugins compatible for Editor in 2.14 ms, found 2 plugins.
Preloading 0 native plugins for Editor in 0.00 ms.
Unloading 1580 Unused Serialized files (Serialized files now loaded: 0)
System memory in use before: 87.2 MB.
System memory in use after: 87.2 MB.

Unloading 15 unused Assets to reduce memory usage. Loaded Objects now: 2059.
Total: 23.111300 ms (FindLiveObjects: 1.038300 ms CreateObjectMapping: 0.262700 ms MarkObjects: 21.015000 ms  DeleteObjects: 0.787200 ms)

AssetImportParameters requested are different than current active one (requested -> active):
  custom:framework-win-MediaFoundation: 216162199b28c13a410421893ffa2e32 -> 
  custom:video-decoder-ogg-theora: a1e56fd34408186e4bbccfd4996cb3dc -> 
  custom:container-muxer-webm: aa71ff27fc2769a1b78a27578f13a17b -> 
  custom:container-demuxer-webm: 4f35f7cbe854078d1ac9338744f61a02 -> 
  custom:container-demuxer-ogg: 62fdf1f143b41e24485cea50d1cbac27 -> 
  custom:video-encoder-webm-vp8: eb34c28f22e8b96e1ab97ce403110664 -> 
  custom:video-codec-MediaFoundation-h265: 746d11721c4dcdbdad8f713fa42b33f4 -> 
  custom:video-decoder-webm-vp8: 9c59270c3fd7afecdb556c50c9e8de78 -> 
  custom:audio-decoder-ogg-vorbis: bf7c407c2cedff20999df2af8eb42d56 -> 
  custom:audio-encoder-webm-vorbis: bf7c407c2cedff20999df2af8eb42d56 -> 
========================================================================
Received Import Request.
  Time since last request: 1055.772136 seconds.
  path: Assets/SoundManager.cs
  artifactKey: Guid(d958aa68beef27b46aa358d17e9f9b22) Importer(815301076,1909f56bfc062723c751e8b465ee728b)
Start importing Assets/SoundManager.cs using Guid(d958aa68beef27b46aa358d17e9f9b22) Importer(815301076,1909f56bfc062723c751e8b465ee728b)  -> (artifact id: 'e0da9c517f9d8da05cc2a9d68bedb1a8') in 0.227676 seconds 
  Import took 0.251177 seconds .

========================================================================
Received Import Request.
  Time since last request: 250.057538 seconds.
  path: Assets/SoundManager.cs
  artifactKey: Guid(d958aa68beef27b46aa358d17e9f9b22) Importer(815301076,1909f56bfc062723c751e8b465ee728b)
Start importing Assets/SoundManager.cs using Guid(d958aa68beef27b46aa358d17e9f9b22) Importer(815301076,1909f56bfc062723c751e8b465ee728b)  -> (artifact id: '9f197557446c7a4ceb6ec17c03749ccf') in 0.267931 seconds 
  Import took 0.304301 seconds .

========================================================================
Received Import Request.
  Time since last request: 67.758799 seconds.
  path: Assets/SoundManager.cs
  artifactKey: Guid(d958aa68beef27b46aa358d17e9f9b22) Importer(815301076,1909f56bfc062723c751e8b465ee728b)
Start importing Assets/SoundManager.cs using Guid(d958aa68beef27b46aa358d17e9f9b22) Importer(815301076,1909f56bfc062723c751e8b465ee728b)  -> (artifact id: '31ea1845a34d78faeac5a83127788339') in 0.328673 seconds 
  Import took 0.359035 seconds .

